
> shared-backend@1.0.0 prestart
> npm run build


> shared-backend@1.0.0 build
> tsc


> shared-backend@1.0.0 start
> node dist/index.js

📦 路由已注册：/api/app-gallery
✅ 项目 "app-gallery" 加载成功
📦 路由已注册：/api/guestbook
🔌 WebSocket 已注册：/api/guestbook/websocket/
✅ 项目 "guestbook" 加载成功
📦 路由已注册：/api/snake-mp
🔌 [snake-mp] 原生 WebSocket 已注册: /api/snake-mp/websocket
🔌 WebSocket 已注册：/api/snake-mp/websocket/
✅ 项目 "snake-mp" 加载成功
📦 路由已注册：/api/xiangqi
🔌 [xiangqi] 原生 WebSocket 已注册: /api/xiangqi/websocket
🔌 WebSocket 已注册：/api/xiangqi/websocket/
✅ 项目 "xiangqi" 加载成功
🔧 统一入口服务运行在 0.0.0.0:20008
   首页: https://97.383636.xyz/openclaw/20008/
   健康检查: https://97.383636.xyz/openclaw/20008/health
   项目列表: https://97.383636.xyz/openclaw/20008/api
   重载接口: POST https://97.383636.xyz/openclaw/20008/api/_rescan
   已加载项目: app-gallery, guestbook, snake-mp, xiangqi
👁️  项目目录自动轮询已关闭，改为手动 /api/_rescan 触发
🎮 [xiangqi] 玩家连接: tlds6Jkdxldg (/api/xiangqi/websocket)
🎮 [xiangqi] 玩家断开: tlds6Jkdxldg
